<?xml version="1.0" encoding="UTF-8"?>
<robot generator="Robot 5.0.1 (Python 3.9.5 on win32)" generated="20220523 12:22:25.478" rpa="false" schemaversion="3">
<suite id="s1" name="Login" source="C:\Users\LORD TRADE\PycharmProjects\Robot\TestCases\Login.robot">
<test id="s1-t1" name="TestLogin" line="20">
<kw name="Open My Browser" library="resourcekey" type="SETUP">
<arg>${theurl}</arg>
<kw name="Create Webdriver" library="SeleniumLibrary">
<arg>Chrome</arg>
<arg>executable_path=C:/Users/LORD TRADE/AppData/Roaming/Python/Python39/Scripts/chromedriver.exe</arg>
<doc>Creates an instance of Selenium WebDriver.</doc>
<msg timestamp="20220523 12:22:25.787" level="INFO">Creating an instance of the Chrome WebDriver.</msg>
<status status="PASS" starttime="20220523 12:22:25.787" endtime="20220523 12:22:29.270"/>
</kw>
<kw name="Go To" library="SeleniumLibrary">
<arg>${url}</arg>
<doc>Navigates the current browser window to the provided ``url``.</doc>
<msg timestamp="20220523 12:22:29.272" level="INFO">Opening url 'https://admin-demo.nopcommerce.com/login?ReturnUrl=%2Fadmin%2F'</msg>
<status status="PASS" starttime="20220523 12:22:29.271" endtime="20220523 12:22:30.936"/>
</kw>
<kw name="Maximize Browser Window" library="SeleniumLibrary">
<doc>Maximizes current browser window.</doc>
<status status="PASS" starttime="20220523 12:22:30.936" endtime="20220523 12:22:31.052"/>
</kw>
<status status="PASS" starttime="20220523 12:22:25.787" endtime="20220523 12:22:31.052"/>
</kw>
<kw name="Enter Information" library="resourcekey">
<arg>${admin}</arg>
<arg>${adminpass}</arg>
<kw name="Clear Element Text" library="SeleniumLibrary">
<arg>${email}</arg>
<doc>Clears the value of the text-input-element identified by ``locator``.</doc>
<status status="PASS" starttime="20220523 12:22:31.053" endtime="20220523 12:22:31.098"/>
</kw>
<kw name="Input Text" library="SeleniumLibrary">
<arg>${email}</arg>
<arg>${theemail}</arg>
<doc>Types the given ``text`` into the text field identified by ``locator``.</doc>
<msg timestamp="20220523 12:22:31.098" level="INFO">Typing text 'admin@yourstore.com' into text field 'css:#Email'.</msg>
<status status="PASS" starttime="20220523 12:22:31.098" endtime="20220523 12:22:31.181"/>
</kw>
<kw name="Clear Element Text" library="SeleniumLibrary">
<arg>${password}</arg>
<doc>Clears the value of the text-input-element identified by ``locator``.</doc>
<status status="PASS" starttime="20220523 12:22:31.181" endtime="20220523 12:22:31.228"/>
</kw>
<kw name="Input Text" library="SeleniumLibrary">
<arg>${password}</arg>
<arg>${thepassword}</arg>
<doc>Types the given ``text`` into the text field identified by ``locator``.</doc>
<msg timestamp="20220523 12:22:31.229" level="INFO">Typing text 'admin' into text field 'css:#Password'.</msg>
<status status="PASS" starttime="20220523 12:22:31.228" endtime="20220523 12:22:31.293"/>
</kw>
<kw name="Click Button" library="SeleniumLibrary">
<arg>${btn}</arg>
<doc>Clicks the button identified by ``locator``.</doc>
<msg timestamp="20220523 12:22:31.294" level="INFO">Clicking button 'css:button[type='submit']'.</msg>
<status status="PASS" starttime="20220523 12:22:31.293" endtime="20220523 12:22:35.168"/>
</kw>
<status status="PASS" starttime="20220523 12:22:31.053" endtime="20220523 12:22:35.168"/>
</kw>
<kw name="Verify Login Pass" library="resourcekey">
<kw name="Title Should Be" library="SeleniumLibrary">
<arg>Dashboard / nopCommerce administration</arg>
<doc>Verifies that the current page title equals ``title``.</doc>
<msg timestamp="20220523 12:22:35.176" level="INFO">Page title is 'Dashboard / nopCommerce administration'.</msg>
<status status="PASS" starttime="20220523 12:22:35.169" endtime="20220523 12:22:35.176"/>
</kw>
<status status="PASS" starttime="20220523 12:22:35.169" endtime="20220523 12:22:35.176"/>
</kw>
<kw name="close" library="resourcekey" type="TEARDOWN">
<kw name="Close Browser" library="SeleniumLibrary">
<doc>Closes the current browser.</doc>
<status status="PASS" starttime="20220523 12:22:35.177" endtime="20220523 12:22:37.368"/>
</kw>
<status status="PASS" starttime="20220523 12:22:35.177" endtime="20220523 12:22:37.369"/>
</kw>
<status status="PASS" starttime="20220523 12:22:25.786" endtime="20220523 12:22:37.370"/>
</test>
<status status="PASS" starttime="20220523 12:22:25.480" endtime="20220523 12:22:37.375"/>
</suite>
<statistics>
<total>
<stat pass="1" fail="0" skip="0">All Tests</stat>
</total>
<tag>
</tag>
<suite>
<stat pass="1" fail="0" skip="0" id="s1" name="Login">Login</stat>
</suite>
</statistics>
<errors>
</errors>
</robot>
